<?xml version="1.0" encoding="UTF-8"?>
<!-- Generated by org.testng.reporters.JUnitReportReporter -->
<testsuite skipped="0" hostname="DESKTOP-F6V67VL" name="com.javatestcases.HomePageTestCase" tests="1" failures="0" timestamp="2020-07-12T01:43:33 IST" time="2.426" errors="0">
  <testcase name="checkHomePage" time="2.426" classname="com.javatestcases.HomePageTestCase"/>
  <system-out/>
</testsuite> <!-- com.javatestcases.HomePageTestCase -->
